Starting fastman92 limit adjuster 6.0, compilation time: Mar 26 2021 04:55:53 (UTC)
Website: http://fastman92.com

Launch time: 10-9-2023 12:14:31 (UTC), 17:44 (local)
Launched during the day.

Solution platform: ANDROID_ARM32
Game detected: GTA SA 2.00
Game uses dynamic image base? Yes
Game preferred image base: 0x0
Game current image base: 0xC77D7000

Number of FLA modules: 70
Delayed processing of limits? Yes

Package name: com.rockstargames.gtasa
Root base directory: /storage/emulated/0
Root directory: /storage/emulated/0/Android/data/com.rockstargames.gtasa/files/
Initial directory: /
Cache directory: /data/user/0/com.rockstargames.gtasa/cache
INI filename: fastman92limitAdjuster_GTASA.ini

Global exception handler has been registered.
---------------------------------------------
---------------------------------------------
SPECIAL: Alter file loading order enabled.
---------------------------------------------
SPECIAL: Remove LOD DFF requirement to hold native data enabled.
---------------------------------------------
SPECIAL: Fix HAL crashing on devices with Android 11 and higher enabled.
---------------------------------------------
---------------------------------------------
Trying to load CLEO: /data/app/com.rockstargames.gtasa-tymeFTeKv_NM11fwF7QLBA==/lib/arm/libcleo.so
CLEO loaded
Number of memory changes made: 20
---------------------------------------------